2025-06-20 03:43:58,099 - __main__ - INFO - ==================================================
2025-06-20 03:43:58,100 - __main__ - INFO - Logging Initialized
2025-06-20 03:43:58,100 - __main__ - INFO - Log file: c:\Users\iyave\Desktop\Mute Streamer Overload\app.log
2025-06-20 03:43:58,100 - __main__ - INFO - ==================================================
2025-06-20 03:43:58,116 - __main__ - INFO - Starting web server...
2025-06-20 03:43:58,116 - mute_streamer_overload.web.web_server - INFO - Creating server thread...
2025-06-20 03:43:58,116 - mute_streamer_overload.web.web_server - INFO - Starting server thread...
2025-06-20 03:43:58,116 - mute_streamer_overload.web.web_server - INFO - Waiting for server to initialize...
2025-06-20 03:43:58,125 - werkzeug - INFO - [31m[1mWARNING: This is a development server. Do not use it in a production deployment. Use a production WSGI server instead.[0m
 * Running on http://127.0.0.1:5000
2025-06-20 03:43:58,125 - werkzeug - INFO - [33mPress CTRL+C to quit[0m
2025-06-20 03:44:00,117 - mute_streamer_overload.web.web_server - INFO - Performing server health check...
2025-06-20 03:44:00,117 - mute_streamer_overload.web.web_server - INFO - Attempting to connect to http://127.0.0.1:5000/health
2025-06-20 03:44:00,123 - werkzeug - INFO - 127.0.0.1 - - [20/Jun/2025 03:44:00] "GET /health HTTP/1.1" 200 -
2025-06-20 03:44:00,124 - mute_streamer_overload.web.web_server - INFO - Health check response: 200 - {"status":"ok"}

2025-06-20 03:44:00,124 - mute_streamer_overload.web.web_server - INFO - Server health check passed
2025-06-20 03:44:00,124 - mute_streamer_overload.web.web_server - INFO - Server thread started successfully
2025-06-20 03:44:00,124 - __main__ - INFO - Creating main window...
2025-06-20 03:44:00,528 - __main__ - INFO - Starting application event loop...
2025-06-20 03:44:01,789 - werkzeug - INFO - 127.0.0.1 - - [20/Jun/2025 03:44:01] "POST /shutdown HTTP/1.1" 200 -
2025-06-20 03:44:06,811 - root - INFO - Application exited with code: 0
