2025-05-28 19:08:49,092 - mute_streamer_overload.web.web_server - INFO - Template directory: C:\Users\iyave\Desktop\Mute Streamer Overload\mute_streamer_overload\web\mute_streamer_overload\web\templates
2025-05-28 19:14:16,218 - mute_streamer_overload.web.web_server - INFO - Base directory: C:\Users\iyave\Desktop\Mute Streamer Overload
2025-05-28 19:14:16,218 - mute_streamer_overload.web.web_server - INFO - Template directory: C:\Users\iyave\Desktop\Mute Streamer Overload\web\templates
2025-05-28 19:14:16,218 - mute_streamer_overload.web.web_server - INFO - Static directory: C:\Users\iyave\Desktop\Mute Streamer Overload\web\static
2025-05-28 19:19:16,345 - mute_streamer_overload.web.web_server - INFO - Base directory: C:\Users\iyave\Desktop\Mute Streamer Overload
2025-05-28 19:19:16,345 - mute_streamer_overload.web.web_server - INFO - Template directory: C:\Users\iyave\Desktop\Mute Streamer Overload\web\templates
2025-05-28 19:19:16,346 - mute_streamer_overload.web.web_server - INFO - Static directory: C:\Users\iyave\Desktop\Mute Streamer Overload\web\static
2025-05-28 19:19:16,348 - mute_streamer_overload.web.web_server - INFO - Stopping Flask server...
2025-05-28 19:19:17,352 - mute_streamer_overload.web.web_server - INFO - Flask server stopped
2025-05-28 19:21:34,679 - mute_streamer_overload.web.web_server - INFO - Base directory: C:\Users\iyave\Desktop\Mute Streamer Overload
2025-05-28 19:21:34,679 - mute_streamer_overload.web.web_server - INFO - Template directory: C:\Users\iyave\Desktop\Mute Streamer Overload\web\templates
2025-05-28 19:21:34,679 - mute_streamer_overload.web.web_server - INFO - Static directory: C:\Users\iyave\Desktop\Mute Streamer Overload\web\static
2025-05-28 19:21:34,682 - mute_streamer_overload.web.web_server - INFO - Stopping Flask server...
2025-05-28 19:21:35,697 - mute_streamer_overload.web.web_server - INFO - Flask server stopped
2025-05-28 19:23:54,598 - mute_streamer_overload.web.web_server - INFO - Base directory: C:\Users\iyave\Desktop\Mute Streamer Overload
2025-05-28 19:23:54,598 - mute_streamer_overload.web.web_server - INFO - Template directory: C:\Users\iyave\Desktop\Mute Streamer Overload\web\templates
2025-05-28 19:23:54,599 - mute_streamer_overload.web.web_server - INFO - Static directory: C:\Users\iyave\Desktop\Mute Streamer Overload\web\static
2025-05-28 19:23:54,601 - mute_streamer_overload.web.web_server - INFO - Stopping Flask server...
2025-05-28 19:23:55,616 - mute_streamer_overload.web.web_server - INFO - Flask server stopped
2025-05-28 19:25:16,156 - mute_streamer_overload.web.web_server - INFO - Base directory: C:\Users\iyave\Desktop\Mute Streamer Overload
2025-05-28 19:25:16,157 - mute_streamer_overload.web.web_server - INFO - Template directory: C:\Users\iyave\Desktop\Mute Streamer Overload\web\templates
2025-05-28 19:25:16,157 - mute_streamer_overload.web.web_server - INFO - Static directory: C:\Users\iyave\Desktop\Mute Streamer Overload\web\static
2025-05-28 19:25:16,159 - mute_streamer_overload.web.web_server - INFO - Stopping Flask server...
2025-05-28 19:25:17,162 - mute_streamer_overload.web.web_server - INFO - Flask server stopped
2025-05-28 19:28:39,735 - mute_streamer_overload.web.web_server - INFO - Base directory: C:\Users\iyave\Desktop\Mute Streamer Overload
2025-05-28 19:28:39,735 - mute_streamer_overload.web.web_server - INFO - Template directory: C:\Users\iyave\Desktop\Mute Streamer Overload\web\templates
2025-05-28 19:28:39,736 - mute_streamer_overload.web.web_server - INFO - Static directory: C:\Users\iyave\Desktop\Mute Streamer Overload\web\static
2025-05-28 19:28:39,738 - mute_streamer_overload.web.web_server - INFO - Server is not running
2025-05-28 19:30:13,016 - mute_streamer_overload.web.web_server - INFO - Base directory: C:\Users\iyave\Desktop\Mute Streamer Overload
2025-05-28 19:30:13,016 - mute_streamer_overload.web.web_server - INFO - Template directory: C:\Users\iyave\Desktop\Mute Streamer Overload\web\templates
2025-05-28 19:30:13,016 - mute_streamer_overload.web.web_server - INFO - Static directory: C:\Users\iyave\Desktop\Mute Streamer Overload\web\static
2025-05-28 19:30:13,019 - mute_streamer_overload.web.web_server - INFO - Server is not running
2025-05-28 19:31:01,876 - mute_streamer_overload.web.web_server - INFO - Base directory: C:\Users\iyave\Desktop\Mute Streamer Overload
2025-05-28 19:31:01,876 - mute_streamer_overload.web.web_server - INFO - Template directory: C:\Users\iyave\Desktop\Mute Streamer Overload\web\templates
2025-05-28 19:31:01,876 - mute_streamer_overload.web.web_server - INFO - Static directory: C:\Users\iyave\Desktop\Mute Streamer Overload\web\static
2025-05-28 19:31:01,879 - mute_streamer_overload.web.web_server - INFO - Server is not running
